<?xml version="1.0" encoding="UTF-8"?>
<testng-results ignored="0" total="1" passed="1" failed="0" skipped="0">
  <reporter-output>
  </reporter-output>
  <suite started-at="2024-05-01T14:37:54 IST" name="Suite" finished-at="2024-05-01T14:38:44 IST" duration-ms="50124">
    <groups>
      <group name="cucumber">
        <method signature="AbstractTestNGCucumberTests.runScenario(io.cucumber.testng.PickleWrapper,io.cucumber.testng.FeatureWrapper)[pri:0, instance:RunnerTests.RunnerTest@36bc55de]" name="runScenario" class="io.cucumber.testng.AbstractTestNGCucumberTests"/>
      </group> <!-- cucumber -->
    </groups>
    <test started-at="2024-05-01T14:37:54 IST" name="RunnerTest" finished-at="2024-05-01T14:38:44 IST" duration-ms="50124">
      <class name="RunnerTests.RunnerTest">
        <test-method is-config="true" signature="setUpClass(org.testng.ITestContext)[pri:0, instance:RunnerTests.RunnerTest@36bc55de]" started-at="2024-05-01T14:37:54 IST" name="setUpClass" finished-at="2024-05-01T14:37:55 IST" duration-ms="636" status="PASS">
          <params>
            <param index="0">
              <value>
                <![CDATA[org.testng.TestRunner@abff8b7]]>
              </value>
            </param>
          </params>
          <reporter-output>
          </reporter-output>
        </test-method> <!-- setUpClass -->
        <test-method is-config="true" signature="drivers()[pri:0, instance:RunnerTests.RunnerTest@36bc55de]" started-at="2024-05-01T14:37:55 IST" name="drivers" finished-at="2024-05-01T14:38:29 IST" duration-ms="34156" status="PASS">
          <reporter-output>
          </reporter-output>
        </test-method> <!-- drivers -->
        <test-method signature="runScenario(io.cucumber.testng.PickleWrapper,io.cucumber.testng.FeatureWrapper)[pri:0, instance:RunnerTests.RunnerTest@36bc55de]" started-at="2024-05-01T14:38:29 IST" name="runScenario" description="Runs Cucumber Scenarios" data-provider="scenarios" finished-at="2024-05-01T14:38:43 IST" duration-ms="14163" status="PASS">
          <params>
            <param index="0">
              <value>
                <![CDATA["To Check the title of the page and to validate the string in child window"]]>
              </value>
            </param>
            <param index="1">
              <value>
                <![CDATA["MyTravelapplication"]]>
              </value>
            </param>
          </params>
          <reporter-output>
          </reporter-output>
        </test-method> <!-- runScenario -->
        <test-method is-config="true" signature="quit()[pri:0, instance:RunnerTests.RunnerTest@36bc55de]" started-at="2024-05-01T14:38:43 IST" name="quit" finished-at="2024-05-01T14:38:44 IST" duration-ms="1036" status="PASS">
          <reporter-output>
          </reporter-output>
        </test-method> <!-- quit -->
        <test-method is-config="true" signature="tearDownClass()[pri:0, instance:RunnerTests.RunnerTest@36bc55de]" started-at="2024-05-01T14:38:44 IST" name="tearDownClass" finished-at="2024-05-01T14:38:44 IST" duration-ms="6" status="PASS">
          <reporter-output>
          </reporter-output>
        </test-method> <!-- tearDownClass -->
      </class> <!-- RunnerTests.RunnerTest -->
    </test> <!-- RunnerTest -->
  </suite> <!-- Suite -->
</testng-results>
