<?xml version="1.0" encoding="UTF-8"?>
<testng-results ignored="0" total="1" passed="1" failed="0" skipped="0">
  <reporter-output>
  </reporter-output>
  <suite started-at="2024-05-02T20:43:43 IST" name="Suite" finished-at="2024-05-02T20:45:03 IST" duration-ms="79750">
    <groups>
      <group name="cucumber">
        <method signature="AbstractTestNGCucumberTests.runScenario(io.cucumber.testng.PickleWrapper,io.cucumber.testng.FeatureWrapper)[pri:0, instance:RunnerTests.RunnerTest@1d2adfbe]" name="runScenario" class="io.cucumber.testng.AbstractTestNGCucumberTests"/>
      </group> <!-- cucumber -->
    </groups>
    <test started-at="2024-05-02T20:43:43 IST" name="RunnerTest" finished-at="2024-05-02T20:45:03 IST" duration-ms="79750">
      <class name="RunnerTests.RunnerTest">
        <test-method is-config="true" signature="setUpClass(org.testng.ITestContext)[pri:0, instance:RunnerTests.RunnerTest@1d2adfbe]" started-at="2024-05-02T20:43:43 IST" name="setUpClass" finished-at="2024-05-02T20:43:44 IST" duration-ms="843" status="PASS">
          <params>
            <param index="0">
              <value>
                <![CDATA[org.testng.TestRunner@3964d79]]>
              </value>
            </param>
          </params>
          <reporter-output>
          </reporter-output>
        </test-method> <!-- setUpClass -->
        <test-method is-config="true" signature="drivers(java.lang.String)[pri:0, instance:RunnerTests.RunnerTest@1d2adfbe]" started-at="2024-05-02T20:43:44 IST" name="drivers" finished-at="2024-05-02T20:44:45 IST" duration-ms="61198" status="PASS">
          <params>
            <param index="0">
              <value>
                <![CDATA[Chrome]]>
              </value>
            </param>
          </params>
          <reporter-output>
          </reporter-output>
        </test-method> <!-- drivers -->
        <test-method signature="runScenario(io.cucumber.testng.PickleWrapper,io.cucumber.testng.FeatureWrapper)[pri:0, instance:RunnerTests.RunnerTest@1d2adfbe]" started-at="2024-05-02T20:44:45 IST" name="runScenario" description="Runs Cucumber Scenarios" data-provider="scenarios" finished-at="2024-05-02T20:45:01 IST" duration-ms="16054" status="PASS">
          <params>
            <param index="0">
              <value>
                <![CDATA["To Check the title of the page and to validate the string in child window"]]>
              </value>
            </param>
            <param index="1">
              <value>
                <![CDATA["MyTravelapplication"]]>
              </value>
            </param>
          </params>
          <reporter-output>
          </reporter-output>
        </test-method> <!-- runScenario -->
        <test-method is-config="true" signature="quit()[pri:0, instance:RunnerTests.RunnerTest@1d2adfbe]" started-at="2024-05-02T20:45:01 IST" name="quit" finished-at="2024-05-02T20:45:03 IST" duration-ms="1528" status="PASS">
          <reporter-output>
          </reporter-output>
        </test-method> <!-- quit -->
        <test-method is-config="true" signature="tearDownClass()[pri:0, instance:RunnerTests.RunnerTest@1d2adfbe]" started-at="2024-05-02T20:45:03 IST" name="tearDownClass" finished-at="2024-05-02T20:45:03 IST" duration-ms="9" status="PASS">
          <reporter-output>
          </reporter-output>
        </test-method> <!-- tearDownClass -->
      </class> <!-- RunnerTests.RunnerTest -->
    </test> <!-- RunnerTest -->
  </suite> <!-- Suite -->
</testng-results>
