<?xml version="1.0" encoding="UTF-8"?>
<testng-results ignored="0" total="1" passed="1" failed="0" skipped="0">
  <reporter-output>
  </reporter-output>
  <suite started-at="2024-05-01T13:59:26 IST" name="Suite" finished-at="2024-05-01T14:00:19 IST" duration-ms="53587">
    <groups>
      <group name="cucumber">
        <method signature="AbstractTestNGCucumberTests.runScenario(io.cucumber.testng.PickleWrapper,io.cucumber.testng.FeatureWrapper)[pri:0, instance:RunnerTests.RunnerTest@53aac487]" name="runScenario" class="io.cucumber.testng.AbstractTestNGCucumberTests"/>
      </group> <!-- cucumber -->
    </groups>
    <test started-at="2024-05-01T13:59:26 IST" name="RunnerTest" finished-at="2024-05-01T14:00:19 IST" duration-ms="53587">
      <class name="RunnerTests.RunnerTest">
        <test-method is-config="true" signature="setUpClass(org.testng.ITestContext)[pri:0, instance:RunnerTests.RunnerTest@53aac487]" started-at="2024-05-01T13:59:26 IST" name="setUpClass" finished-at="2024-05-01T13:59:27 IST" duration-ms="907" status="PASS">
          <params>
            <param index="0">
              <value>
                <![CDATA[org.testng.TestRunner@77774571]]>
              </value>
            </param>
          </params>
          <reporter-output>
          </reporter-output>
        </test-method> <!-- setUpClass -->
        <test-method is-config="true" signature="drivers()[pri:0, instance:RunnerTests.RunnerTest@53aac487]" started-at="2024-05-01T13:59:27 IST" name="drivers" finished-at="2024-05-01T14:00:08 IST" duration-ms="40929" status="PASS">
          <reporter-output>
          </reporter-output>
        </test-method> <!-- drivers -->
        <test-method signature="runScenario(io.cucumber.testng.PickleWrapper,io.cucumber.testng.FeatureWrapper)[pri:0, instance:RunnerTests.RunnerTest@53aac487]" started-at="2024-05-01T14:00:08 IST" name="runScenario" description="Runs Cucumber Scenarios" data-provider="scenarios" finished-at="2024-05-01T14:00:18 IST" duration-ms="10636" status="PASS">
          <params>
            <param index="0">
              <value>
                <![CDATA["To Check the title of the page and to validate the string in child window"]]>
              </value>
            </param>
            <param index="1">
              <value>
                <![CDATA["MyTravelapplication"]]>
              </value>
            </param>
          </params>
          <reporter-output>
          </reporter-output>
        </test-method> <!-- runScenario -->
        <test-method is-config="true" signature="quit()[pri:0, instance:RunnerTests.RunnerTest@53aac487]" started-at="2024-05-01T14:00:18 IST" name="quit" finished-at="2024-05-01T14:00:19 IST" duration-ms="1045" status="PASS">
          <reporter-output>
          </reporter-output>
        </test-method> <!-- quit -->
        <test-method is-config="true" signature="tearDownClass()[pri:0, instance:RunnerTests.RunnerTest@53aac487]" started-at="2024-05-01T14:00:19 IST" name="tearDownClass" finished-at="2024-05-01T14:00:19 IST" duration-ms="2" status="PASS">
          <reporter-output>
          </reporter-output>
        </test-method> <!-- tearDownClass -->
      </class> <!-- RunnerTests.RunnerTest -->
    </test> <!-- RunnerTest -->
  </suite> <!-- Suite -->
</testng-results>
